[1130/201354.085:ERROR:process_info.cc(359)] UncheckedAllocate
[1130/225057.867:ERROR:process_info.cc(359)] UncheckedAllocate
[1130/225058.157:ERROR:process_memory_win.cc(73)] ReadMemory at 0x7ff7149a0000 of 64 bytes failed: Only part of a ReadProcessMemory or WriteProcessMemory request was completed. (0x12B)
[1130/225058.157:WARNING:pe_image_reader.cc(340)] could not read dos header from C:\Program Files (x86)\Google\Chrome\Application\chrome.exe
[1130/225058.157:ERROR:process_memory_win.cc(73)] ReadMemory at 0x7ffe4bd20000 of 64 bytes failed: Only part of a ReadProcessMemory or WriteProcessMemory request was completed. (0x12B)
[1130/225058.157:WARNING:pe_image_reader.cc(340)] could not read dos header from C:\WINDOWS\SYSTEM32\ntdll.dll
[1130/225058.157:ERROR:process_memory_win.cc(73)] ReadMemory at 0x7ffe49f70000 of 64 bytes failed: Only part of a ReadProcessMemory or WriteProcessMemory request was completed. (0x12B)
[1130/225058.157:WARNING:pe_image_reader.cc(340)] could not read dos header from C:\WINDOWS\System32\KERNEL32.DLL
[1130/225058.157:ERROR:process_memory_win.cc(73)] ReadMemory at 0x7ffe48f30000 of 64 bytes failed: Only part of a ReadProcessMemory or WriteProcessMemory request was completed. (0x12B)
[1130/225058.157:WARNING:pe_image_reader.cc(340)] could not read dos header from C:\WINDOWS\System32\KERNELBASE.dll
[1130/225058.157:ERROR:process_memory_win.cc(73)] ReadMemory at 0x7ffe1e0b0000 of 64 bytes failed: Only part of a ReadProcessMemory or WriteProcessMemory request was completed. (0x12B)
[1130/225058.157:WARNING:pe_image_reader.cc(340)] could not read dos header from C:\Program Files (x86)\Google\Chrome\Application\78.0.3904.108\chrome_elf.dll
[1130/225058.157:ERROR:process_memory_win.cc(73)] ReadMemory at 0x7ffe40720000 of 64 bytes failed: Only part of a ReadProcessMemory or WriteProcessMemory request was completed. (0x12B)
[1130/225058.157:WARNING:pe_image_reader.cc(340)] could not read dos header from C:\WINDOWS\SYSTEM32\VERSION.dll
[1130/225058.157:ERROR:process_memory_win.cc(73)] ReadMemory at 0x7ffe49ea0000 of 64 bytes failed: Only part of a ReadProcessMemory or WriteProcessMemory request was completed. (0x12B)
[1130/225058.157:WARNING:pe_image_reader.cc(340)] could not read dos header from C:\WINDOWS\System32\msvcrt.dll
[1130/225058.157:ERROR:process_memory_win.cc(73)] ReadMemory at 0x7ffe493b0000 of 64 bytes failed: Only part of a ReadProcessMemory or WriteProcessMemory request was completed. (0x12B)
[1130/225058.157:WARNING:pe_image_reader.cc(340)] could not read dos header from C:\WINDOWS\System32\bcryptPrimitives.dll
[1130/225058.157:ERROR:process_memory_win.cc(73)] ReadMemory at 0x7ffe4a510000 of 64 bytes failed: Only part of a ReadProcessMemory or WriteProcessMemory request was completed. (0x12B)
[1130/225058.157:WARNING:pe_image_reader.cc(340)] could not read dos header from C:\WINDOWS\System32\ADVAPI32.dll
[1130/225058.157:ERROR:process_memory_win.cc(73)] ReadMemory at 0x7ffe4a0e0000 of 64 bytes failed: Only part of a ReadProcessMemory or WriteProcessMemory request was completed. (0x12B)
[1130/225058.157:WARNING:pe_image_reader.cc(340)] could not read dos header from C:\WINDOWS\System32\sechost.dll
[1130/225058.157:ERROR:process_memory_win.cc(73)] ReadMemory at 0x7ffe4a3f0000 of 64 bytes failed: Only part of a ReadProcessMemory or WriteProcessMemory request was completed. (0x12B)
[1130/225058.157:WARNING:pe_image_reader.cc(340)] could not read dos header from C:\WINDOWS\System32\RPCRT4.dll
[1130/225058.157:ERROR:process_memory_win.cc(73)] ReadMemory at 0x7ffdb5b90000 of 64 bytes failed: Only part of a ReadProcessMemory or WriteProcessMemory request was completed. (0x12B)
[1130/225058.157:WARNING:pe_image_reader.cc(340)] could not read dos header from C:\Program Files (x86)\Google\Chrome\Application\78.0.3904.108\chrome_child.dll
[1130/225058.157:ERROR:process_memory_win.cc(73)] ReadMemory at 0x7ffe49dd0000 of 64 bytes failed: Only part of a ReadProcessMemory or WriteProcessMemory request was completed. (0x12B)
[1130/225058.157:WARNING:pe_image_reader.cc(340)] could not read dos header from C:\WINDOWS\System32\OLEAUT32.dll
[1130/225058.157:ERROR:process_memory_win.cc(73)] ReadMemory at 0x7ffe49450000 of 64 bytes failed: Only part of a ReadProcessMemory or WriteProcessMemory request was completed. (0x12B)
[1130/225058.157:WARNING:pe_image_reader.cc(340)] could not read dos header from C:\WINDOWS\System32\msvcp_win.dll
[1130/225058.157:ERROR:process_memory_win.cc(73)] ReadMemory at 0x7ffe49c70000 of 64 bytes failed: Only part of a ReadProcessMemory or WriteProcessMemory request was completed. (0x12B)
[1130/225058.157:WARNING:pe_image_reader.cc(340)] could not read dos header from C:\WINDOWS\System32\ucrtbase.dll
[1130/225058.157:ERROR:process_memory_win.cc(73)] ReadMemory at 0x7ffe4a740000 of 64 bytes failed: Only part of a ReadProcessMemory or WriteProcessMemory request was completed. (0x12B)
[1130/225058.157:WARNING:pe_image_reader.cc(340)] could not read dos header from C:\WINDOWS\System32\combase.dll
[1130/225058.157:ERROR:process_memory_win.cc(73)] ReadMemory at 0x7ffe4aa80000 of 64 bytes failed: Only part of a ReadProcessMemory or WriteProcessMemory request was completed. (0x12B)
[1130/225058.157:WARNING:pe_image_reader.cc(340)] could not read dos header from C:\WINDOWS\System32\WS2_32.dll
[1130/225058.157:ERROR:process_memory_win.cc(73)] ReadMemory at 0x7ffe49d70000 of 64 bytes failed: Only part of a ReadProcessMemory or WriteProcessMemory request was completed. (0x12B)
[1130/225058.157:WARNING:pe_image_reader.cc(340)] could not read dos header from C:\WINDOWS\System32\WINTRUST.dll
[1130/225058.157:ERROR:process_memory_win.cc(73)] ReadMemory at 0x7ffe48c00000 of 64 bytes failed: Only part of a ReadProcessMemory or WriteProcessMemory request was completed. (0x12B)
[1130/225058.157:WARNING:pe_image_reader.cc(340)] could not read dos header from C:\WINDOWS\System32\MSASN1.dll
[1130/225058.157:ERROR:process_memory_win.cc(73)] ReadMemory at 0x7ffe48ce0000 of 64 bytes failed: Only part of a ReadProcessMemory or WriteProcessMemory request was completed. (0x12B)
[1130/225058.157:WARNING:pe_image_reader.cc(340)] could not read dos header from C:\WINDOWS\System32\CRYPT32.dll
[1130/225058.157:ERROR:process_memory_win.cc(73)] ReadMemory at 0x7ffe48110000 of 64 bytes failed: Only part of a ReadProcessMemory or WriteProcessMemory request was completed. (0x12B)
[1130/225058.157:WARNING:pe_image_reader.cc(340)] could not read dos header from C:\WINDOWS\SYSTEM32\IPHLPAPI.DLL
[1130/225058.157:ERROR:process_memory_win.cc(73)] ReadMemory at 0x7ffe46400000 of 64 bytes failed: Only part of a ReadProcessMemory or WriteProcessMemory request was completed. (0x12B)
[1130/225058.157:WARNING:pe_image_reader.cc(340)] could not read dos header from C:\WINDOWS\SYSTEM32\WINMM.dll
[1130/225058.157:ERROR:process_memory_win.cc(73)] ReadMemory at 0x7ffe48b10000 of 64 bytes failed: Only part of a ReadProcessMemory or WriteProcessMemory request was completed. (0x12B)
[1130/225058.157:WARNING:pe_image_reader.cc(340)] could not read dos header from C:\WINDOWS\SYSTEM32\USERENV.dll
[1130/225058.157:ERROR:process_memory_win.cc(73)] ReadMemory at 0x7ffe48c40000 of 64 bytes failed: Only part of a ReadProcessMemory or WriteProcessMemory request was completed. (0x12B)
[1130/225058.157:WARNING:pe_image_reader.cc(340)] could not read dos header from C:\WINDOWS\System32\profapi.dll
[1130/225058.157:ERROR:process_memory_win.cc(73)] ReadMemory at 0x7ffe36bb0000 of 64 bytes failed: Only part of a ReadProcessMemory or WriteProcessMemory request was completed. (0x12B)
[1130/225058.157:WARNING:pe_image_reader.cc(340)] could not read dos header from C:\WINDOWS\SYSTEM32\DWrite.dll
[1130/225058.157:ERROR:process_memory_win.cc(73)] ReadMemory at 0x7ffe31af0000 of 64 bytes failed: Only part of a ReadProcessMemory or WriteProcessMemory request was completed. (0x12B)
[1130/225058.157:WARNING:pe_image_reader.cc(340)] could not read dos header from C:\WINDOWS\SYSTEM32\WINSPOOL.DRV
[1130/225058.157:ERROR:process_memory_win.cc(73)] ReadMemory at 0x7ffe48c20000 of 64 bytes failed: Only part of a ReadProcessMemory or WriteProcessMemory request was completed. (0x12B)
[1130/225058.157:WARNING:pe_image_reader.cc(340)] could not read dos header from C:\WINDOWS\System32\kernel.appcore.dll
[1130/225058.157:ERROR:process_memory_win.cc(73)] ReadMemory at 0x7ffe48cb0000 of 64 bytes failed: Only part of a ReadProcessMemory or WriteProcessMemory request was completed. (0x12B)
[1130/225058.157:WARNING:pe_image_reader.cc(340)] could not read dos header from C:\WINDOWS\System32\bcrypt.dll
[1130/225058.157:ERROR:process_memory_win.cc(73)] ReadMemory at 0x7ffe309c0000 of 64 bytes failed: Only part of a ReadProcessMemory or WriteProcessMemory request was completed. (0x12B)
[1130/225058.157:WARNING:pe_image_reader.cc(340)] could not read dos header from C:\WINDOWS\SYSTEM32\dbghelp.dll
[1130/225058.157:ERROR:process_memory_win.cc(73)] ReadMemory at 0x7ffe30de0000 of 64 bytes failed: Only part of a ReadProcessMemory or WriteProcessMemory request was completed. (0x12B)
[1130/225058.157:WARNING:pe_image_reader.cc(340)] could not read dos header from C:\WINDOWS\SYSTEM32\Secur32.dll
[1130/225058.157:ERROR:process_memory_win.cc(73)] ReadMemory at 0x7ffe3ce10000 of 64 bytes failed: Only part of a ReadProcessMemory or WriteProcessMemory request was completed. (0x12B)
[1130/225058.157:WARNING:pe_image_reader.cc(340)] could not read dos header from C:\WINDOWS\SYSTEM32\WINHTTP.dll
[1130/225058.157:ERROR:process_memory_win.cc(73)] ReadMemory at 0x7ffe40690000 of 64 bytes failed: Only part of a ReadProcessMemory or WriteProcessMemory request was completed. (0x12B)
[1130/225058.157:WARNING:pe_image_reader.cc(340)] could not read dos header from C:\WINDOWS\SYSTEM32\dhcpcsvc.DLL
[1130/225058.157:ERROR:process_memory_win.cc(73)] ReadMemory at 0x7ffe4af10000 of 64 bytes failed: Only part of a ReadProcessMemory or WriteProcessMemory request was completed. (0x12B)
[1130/225058.157:WARNING:pe_image_reader.cc(340)] could not read dos header from C:\WINDOWS\System32\NSI.dll
[1130/225058.157:ERROR:process_memory_win.cc(73)] ReadMemory at 0x7ffe463d0000 of 64 bytes failed: Only part of a ReadProcessMemory or WriteProcessMemory request was completed. (0x12B)
[1130/225058.157:WARNING:pe_image_reader.cc(340)] could not read dos header from C:\WINDOWS\SYSTEM32\WINMMBASE.dll
[1130/225058.157:ERROR:process_memory_win.cc(73)] ReadMemory at 0x7ffe48e30000 of 64 bytes failed: Only part of a ReadProcessMemory or WriteProcessMemory request was completed. (0x12B)
[1130/225058.157:WARNING:pe_image_reader.cc(340)] could not read dos header from C:\WINDOWS\System32\cfgmgr32.dll
[1130/225058.157:ERROR:process_memory_win.cc(73)] ReadMemory at 0x7ffe452c0000 of 64 bytes failed: Only part of a ReadProcessMemory or WriteProcessMemory request was completed. (0x12B)
[1130/225058.157:WARNING:pe_image_reader.cc(340)] could not read dos header from C:\WINDOWS\SYSTEM32\PROPSYS.dll
[1130/225058.157:ERROR:process_memory_win.cc(73)] ReadMemory at 0x2f2733e0000 of 64 bytes failed: Only part of a ReadProcessMemory or WriteProcessMemory request was completed. (0x12B)
[1130/225058.157:WARNING:pe_image_reader.cc(340)] could not read dos header from C:\WINDOWS\System32\shcore.dll
[1130/225058.157:ERROR:process_memory_win.cc(73)] ReadMemory at 0x7ffe48ae0000 of 64 bytes failed: Only part of a ReadProcessMemory or WriteProcessMemory request was completed. (0x12B)
[1130/225058.157:WARNING:pe_image_reader.cc(340)] could not read dos header from C:\WINDOWS\SYSTEM32\SSPICLI.DLL
[1130/225058.157:ERROR:process_memory_win.cc(73)] ReadMemory at 0x7ffe4b580000 of 64 bytes failed: Only part of a ReadProcessMemory or WriteProcessMemory request was completed. (0x12B)
[1130/225058.157:WARNING:pe_image_reader.cc(340)] could not read dos header from C:\WINDOWS\System32\SHELL32.dll
[1130/225058.157:ERROR:process_memory_win.cc(73)] ReadMemory at 0x7ffe494f0000 of 64 bytes failed: Only part of a ReadProcessMemory or WriteProcessMemory request was completed. (0x12B)
[1130/225058.157:WARNING:pe_image_reader.cc(340)] could not read dos header from C:\WINDOWS\System32\windows.storage.dll
[1130/225058.157:ERROR:process_memory_win.cc(73)] ReadMemory at 0x7ffe48c60000 of 64 bytes failed: Only part of a ReadProcessMemory or WriteProcessMemory request was completed. (0x12B)
[1130/225058.157:WARNING:pe_image_reader.cc(340)] could not read dos header from C:\WINDOWS\System32\powrprof.dll
[1130/225058.157:ERROR:process_memory_win.cc(73)] ReadMemory at 0x7ffe48bf0000 of 64 bytes failed: Only part of a ReadProcessMemory or WriteProcessMemory request was completed. (0x12B)
[1130/225058.157:WARNING:pe_image_reader.cc(340)] could not read dos header from C:\WINDOWS\System32\UMPDC.dll
[1130/225058.157:ERROR:process_memory_win.cc(73)] ReadMemory at 0x7ffe4ad50000 of 64 bytes failed: Only part of a ReadProcessMemory or WriteProcessMemory request was completed. (0x12B)
[1130/225058.157:WARNING:pe_image_reader.cc(340)] could not read dos header from C:\WINDOWS\System32\shlwapi.dll
[1130/225058.157:ERROR:process_memory_win.cc(73)] ReadMemory at 0x7ffe4b0e0000 of 64 bytes failed: Only part of a ReadProcessMemory or WriteProcessMemory request was completed. (0x12B)
[1130/225058.157:WARNING:pe_image_reader.cc(340)] could not read dos header from C:\WINDOWS\System32\GDI32.dll
[1130/225058.157:ERROR:process_memory_win.cc(73)] ReadMemory at 0x7ffe49380000 of 64 bytes failed: Only part of a ReadProcessMemory or WriteProcessMemory request was completed. (0x12B)
[1130/225058.157:WARNING:pe_image_reader.cc(340)] could not read dos header from C:\WINDOWS\System32\win32u.dll
[1130/225058.157:ERROR:process_memory_win.cc(73)] ReadMemory at 0x7ffe491e0000 of 64 bytes failed: Only part of a ReadProcessMemory or WriteProcessMemory request was completed. (0x12B)
[1130/225058.157:WARNING:pe_image_reader.cc(340)] could not read dos header from C:\WINDOWS\System32\gdi32full.dll
[1130/225058.157:ERROR:process_memory_win.cc(73)] ReadMemory at 0x7ffe4a250000 of 64 bytes failed: Only part of a ReadProcessMemory or WriteProcessMemory request was completed. (0x12B)
[1130/225058.157:WARNING:pe_image_reader.cc(340)] could not read dos header from C:\WINDOWS\System32\USER32.dll
[1130/225058.157:ERROR:process_memory_win.cc(73)] ReadMemory at 0x7ffe49430000 of 64 bytes failed: Only part of a ReadProcessMemory or WriteProcessMemory request was completed. (0x12B)
[1130/225058.157:WARNING:pe_image_reader.cc(340)] could not read dos header from C:\WINDOWS\System32\cryptsp.dll
[1130/225058.157:ERROR:process_memory_win.cc(73)] ReadMemory at 0x7ffe49f40000 of 64 bytes failed: Only part of a ReadProcessMemory or WriteProcessMemory request was completed. (0x12B)
[1130/225058.157:WARNING:pe_image_reader.cc(340)] could not read dos header from C:\WINDOWS\System32\IMM32.DLL
[1130/225058.157:ERROR:process_memory_win.cc(73)] ReadMemory at 0x7ffe485d0000 of 64 bytes failed: Only part of a ReadProcessMemory or WriteProcessMemory request was completed. (0x12B)
[1130/225058.157:WARNING:pe_image_reader.cc(340)] could not read dos header from C:\WINDOWS\SYSTEM32\CRYPTBASE.DLL
[1130/225058.157:ERROR:process_memory_win.cc(73)] ReadMemory at 0x7ff7149a0000 of 64 bytes failed: Only part of a ReadProcessMemory or WriteProcessMemory request was completed. (0x12B)
[1130/225058.157:WARNING:pe_image_reader.cc(340)] could not read dos header from C:\Program Files (x86)\Google\Chrome\Application\chrome.exe
[1130/225058.157:ERROR:process_memory_win.cc(73)] ReadMemory at 0x7ffe4bd20000 of 64 bytes failed: Only part of a ReadProcessMemory or WriteProcessMemory request was completed. (0x12B)
[1130/225058.157:WARNING:pe_image_reader.cc(340)] could not read dos header from C:\WINDOWS\SYSTEM32\ntdll.dll
[1130/225058.157:ERROR:process_memory_win.cc(73)] ReadMemory at 0x7ffe49f70000 of 64 bytes failed: Only part of a ReadProcessMemory or WriteProcessMemory request was completed. (0x12B)
[1130/225058.157:WARNING:pe_image_reader.cc(340)] could not read dos header from C:\WINDOWS\System32\KERNEL32.DLL
[1130/225058.157:ERROR:process_memory_win.cc(73)] ReadMemory at 0x7ffe48f30000 of 64 bytes failed: Only part of a ReadProcessMemory or WriteProcessMemory request was completed. (0x12B)
[1130/225058.157:WARNING:pe_image_reader.cc(340)] could not read dos header from C:\WINDOWS\System32\KERNELBASE.dll
[1130/225058.157:ERROR:process_memory_win.cc(73)] ReadMemory at 0x7ffe1e0b0000 of 64 bytes failed: Only part of a ReadProcessMemory or WriteProcessMemory request was completed. (0x12B)
[1130/225058.157:WARNING:pe_image_reader.cc(340)] could not read dos header from C:\Program Files (x86)\Google\Chrome\Application\78.0.3904.108\chrome_elf.dll
[1130/225058.157:ERROR:process_memory_win.cc(73)] ReadMemory at 0x7ffe40720000 of 64 bytes failed: Only part of a ReadProcessMemory or WriteProcessMemory request was completed. (0x12B)
[1130/225058.157:WARNING:pe_image_reader.cc(340)] could not read dos header from C:\WINDOWS\SYSTEM32\VERSION.dll
[1130/225058.157:ERROR:process_memory_win.cc(73)] ReadMemory at 0x7ffe49ea0000 of 64 bytes failed: Only part of a ReadProcessMemory or WriteProcessMemory request was completed. (0x12B)
[1130/225058.157:WARNING:pe_image_reader.cc(340)] could not read dos header from C:\WINDOWS\System32\msvcrt.dll
[1130/225058.157:ERROR:process_memory_win.cc(73)] ReadMemory at 0x7ffe493b0000 of 64 bytes failed: Only part of a ReadProcessMemory or WriteProcessMemory request was completed. (0x12B)
[1130/225058.157:WARNING:pe_image_reader.cc(340)] could not read dos header from C:\WINDOWS\System32\bcryptPrimitives.dll
[1130/225058.157:ERROR:process_memory_win.cc(73)] ReadMemory at 0x7ffe4a510000 of 64 bytes failed: Only part of a ReadProcessMemory or WriteProcessMemory request was completed. (0x12B)
[1130/225058.157:WARNING:pe_image_reader.cc(340)] could not read dos header from C:\WINDOWS\System32\ADVAPI32.dll
[1130/225058.157:ERROR:process_memory_win.cc(73)] ReadMemory at 0x7ffe4a0e0000 of 64 bytes failed: Only part of a ReadProcessMemory or WriteProcessMemory request was completed. (0x12B)
[1130/225058.157:WARNING:pe_image_reader.cc(340)] could not read dos header from C:\WINDOWS\System32\sechost.dll
[1130/225058.157:ERROR:process_memory_win.cc(73)] ReadMemory at 0x7ffe4a3f0000 of 64 bytes failed: Only part of a ReadProcessMemory or WriteProcessMemory request was completed. (0x12B)
[1130/225058.157:WARNING:pe_image_reader.cc(340)] could not read dos header from C:\WINDOWS\System32\RPCRT4.dll
[1130/225058.157:ERROR:process_memory_win.cc(73)] ReadMemory at 0x7ffdb5b90000 of 64 bytes failed: Only part of a ReadProcessMemory or WriteProcessMemory request was completed. (0x12B)
[1130/225058.157:WARNING:pe_image_reader.cc(340)] could not read dos header from C:\Program Files (x86)\Google\Chrome\Application\78.0.3904.108\chrome_child.dll
[1130/225058.157:ERROR:process_memory_win.cc(73)] ReadMemory at 0x7ffe49dd0000 of 64 bytes failed: Only part of a ReadProcessMemory or WriteProcessMemory request was completed. (0x12B)
[1130/225058.157:WARNING:pe_image_reader.cc(340)] could not read dos header from C:\WINDOWS\System32\OLEAUT32.dll
[1130/225058.157:ERROR:process_memory_win.cc(73)] ReadMemory at 0x7ffe49450000 of 64 bytes failed: Only part of a ReadProcessMemory or WriteProcessMemory request was completed. (0x12B)
[1130/225058.157:WARNING:pe_image_reader.cc(340)] could not read dos header from C:\WINDOWS\System32\msvcp_win.dll
[1130/225058.157:ERROR:process_memory_win.cc(73)] ReadMemory at 0x7ffe49c70000 of 64 bytes failed: Only part of a ReadProcessMemory or WriteProcessMemory request was completed. (0x12B)
[1130/225058.157:WARNING:pe_image_reader.cc(340)] could not read dos header from C:\WINDOWS\System32\ucrtbase.dll
[1130/225058.157:ERROR:process_memory_win.cc(73)] ReadMemory at 0x7ffe4a740000 of 64 bytes failed: Only part of a ReadProcessMemory or WriteProcessMemory request was completed. (0x12B)
[1130/225058.157:WARNING:pe_image_reader.cc(340)] could not read dos header from C:\WINDOWS\System32\combase.dll
[1130/225058.173:ERROR:process_memory_win.cc(73)] ReadMemory at 0x7ffe4aa80000 of 64 bytes failed: Only part of a ReadProcessMemory or WriteProcessMemory request was completed. (0x12B)
[1130/225058.173:WARNING:pe_image_reader.cc(340)] could not read dos header from C:\WINDOWS\System32\WS2_32.dll
[1130/225058.173:ERROR:process_memory_win.cc(73)] ReadMemory at 0x7ffe49d70000 of 64 bytes failed: Only part of a ReadProcessMemory or WriteProcessMemory request was completed. (0x12B)
[1130/225058.173:WARNING:pe_image_reader.cc(340)] could not read dos header from C:\WINDOWS\System32\WINTRUST.dll
[1130/225058.173:ERROR:process_memory_win.cc(73)] ReadMemory at 0x7ffe48c00000 of 64 bytes failed: Only part of a ReadProcessMemory or WriteProcessMemory request was completed. (0x12B)
[1130/225058.173:WARNING:pe_image_reader.cc(340)] could not read dos header from C:\WINDOWS\System32\MSASN1.dll
[1130/225058.173:ERROR:process_memory_win.cc(73)] ReadMemory at 0x7ffe48ce0000 of 64 bytes failed: Only part of a ReadProcessMemory or WriteProcessMemory request was completed. (0x12B)
[1130/225058.173:WARNING:pe_image_reader.cc(340)] could not read dos header from C:\WINDOWS\System32\CRYPT32.dll
[1130/225058.173:ERROR:process_memory_win.cc(73)] ReadMemory at 0x7ffe48110000 of 64 bytes failed: Only part of a ReadProcessMemory or WriteProcessMemory request was completed. (0x12B)
[1130/225058.173:WARNING:pe_image_reader.cc(340)] could not read dos header from C:\WINDOWS\SYSTEM32\IPHLPAPI.DLL
[1130/225058.173:ERROR:process_memory_win.cc(73)] ReadMemory at 0x7ffe46400000 of 64 bytes failed: Only part of a ReadProcessMemory or WriteProcessMemory request was completed. (0x12B)
[1130/225058.173:WARNING:pe_image_reader.cc(340)] could not read dos header from C:\WINDOWS\SYSTEM32\WINMM.dll
[1130/225058.173:ERROR:process_memory_win.cc(73)] ReadMemory at 0x7ffe48b10000 of 64 bytes failed: Only part of a ReadProcessMemory or WriteProcessMemory request was completed. (0x12B)
[1130/225058.173:WARNING:pe_image_reader.cc(340)] could not read dos header from C:\WINDOWS\SYSTEM32\USERENV.dll
[1130/225058.173:ERROR:process_memory_win.cc(73)] ReadMemory at 0x7ffe48c40000 of 64 bytes failed: Only part of a ReadProcessMemory or WriteProcessMemory request was completed. (0x12B)
[1130/225058.173:WARNING:pe_image_reader.cc(340)] could not read dos header from C:\WINDOWS\System32\profapi.dll
[1130/225058.173:ERROR:process_memory_win.cc(73)] ReadMemory at 0x7ffe36bb0000 of 64 bytes failed: Only part of a ReadProcessMemory or WriteProcessMemory request was completed. (0x12B)
[1130/225058.173:WARNING:pe_image_reader.cc(340)] could not read dos header from C:\WINDOWS\SYSTEM32\DWrite.dll
[1130/225058.173:ERROR:process_memory_win.cc(73)] ReadMemory at 0x7ffe31af0000 of 64 bytes failed: Only part of a ReadProcessMemory or WriteProcessMemory request was completed. (0x12B)
[1130/225058.173:WARNING:pe_image_reader.cc(340)] could not read dos header from C:\WINDOWS\SYSTEM32\WINSPOOL.DRV
[1130/225058.173:ERROR:process_memory_win.cc(73)] ReadMemory at 0x7ffe48c20000 of 64 bytes failed: Only part of a ReadProcessMemory or WriteProcessMemory request was completed. (0x12B)
[1130/225058.173:WARNING:pe_image_reader.cc(340)] could not read dos header from C:\WINDOWS\System32\kernel.appcore.dll
[1130/225058.173:ERROR:process_memory_win.cc(73)] ReadMemory at 0x7ffe48cb0000 of 64 bytes failed: Only part of a ReadProcessMemory or WriteProcessMemory request was completed. (0x12B)
[1130/225058.173:WARNING:pe_image_reader.cc(340)] could not read dos header from C:\WINDOWS\System32\bcrypt.dll
[1130/225058.173:ERROR:process_memory_win.cc(73)] ReadMemory at 0x7ffe309c0000 of 64 bytes failed: Only part of a ReadProcessMemory or WriteProcessMemory request was completed. (0x12B)
[1130/225058.173:WARNING:pe_image_reader.cc(340)] could not read dos header from C:\WINDOWS\SYSTEM32\dbghelp.dll
[1130/225058.173:ERROR:process_memory_win.cc(73)] ReadMemory at 0x7ffe30de0000 of 64 bytes failed: Only part of a ReadProcessMemory or WriteProcessMemory request was completed. (0x12B)
[1130/225058.173:WARNING:pe_image_reader.cc(340)] could not read dos header from C:\WINDOWS\SYSTEM32\Secur32.dll
[1130/225058.173:ERROR:process_memory_win.cc(73)] ReadMemory at 0x7ffe3ce10000 of 64 bytes failed: Only part of a ReadProcessMemory or WriteProcessMemory request was completed. (0x12B)
[1130/225058.173:WARNING:pe_image_reader.cc(340)] could not read dos header from C:\WINDOWS\SYSTEM32\WINHTTP.dll
[1130/225058.173:ERROR:process_memory_win.cc(73)] ReadMemory at 0x7ffe40690000 of 64 bytes failed: Only part of a ReadProcessMemory or WriteProcessMemory request was completed. (0x12B)
[1130/225058.173:WARNING:pe_image_reader.cc(340)] could not read dos header from C:\WINDOWS\SYSTEM32\dhcpcsvc.DLL
[1130/225058.173:ERROR:process_memory_win.cc(73)] ReadMemory at 0x7ffe4af10000 of 64 bytes failed: Only part of a ReadProcessMemory or WriteProcessMemory request was completed. (0x12B)
[1130/225058.173:WARNING:pe_image_reader.cc(340)] could not read dos header from C:\WINDOWS\System32\NSI.dll
[1130/225058.173:ERROR:process_memory_win.cc(73)] ReadMemory at 0x7ffe463d0000 of 64 bytes failed: Only part of a ReadProcessMemory or WriteProcessMemory request was completed. (0x12B)
[1130/225058.173:WARNING:pe_image_reader.cc(340)] could not read dos header from C:\WINDOWS\SYSTEM32\WINMMBASE.dll
[1130/225058.173:ERROR:process_memory_win.cc(73)] ReadMemory at 0x7ffe48e30000 of 64 bytes failed: Only part of a ReadProcessMemory or WriteProcessMemory request was completed. (0x12B)
[1130/225058.173:WARNING:pe_image_reader.cc(340)] could not read dos header from C:\WINDOWS\System32\cfgmgr32.dll
[1130/225058.173:ERROR:process_memory_win.cc(73)] ReadMemory at 0x7ffe452c0000 of 64 bytes failed: Only part of a ReadProcessMemory or WriteProcessMemory request was completed. (0x12B)
[1130/225058.173:WARNING:pe_image_reader.cc(340)] could not read dos header from C:\WINDOWS\SYSTEM32\PROPSYS.dll
[1130/225058.173:ERROR:process_memory_win.cc(73)] ReadMemory at 0x2f2733e0000 of 64 bytes failed: Only part of a ReadProcessMemory or WriteProcessMemory request was completed. (0x12B)
[1130/225058.173:WARNING:pe_image_reader.cc(340)] could not read dos header from C:\WINDOWS\System32\shcore.dll
[1130/225058.173:ERROR:process_memory_win.cc(73)] ReadMemory at 0x7ffe48ae0000 of 64 bytes failed: Only part of a ReadProcessMemory or WriteProcessMemory request was completed. (0x12B)
[1130/225058.173:WARNING:pe_image_reader.cc(340)] could not read dos header from C:\WINDOWS\SYSTEM32\SSPICLI.DLL
[1130/225058.173:ERROR:process_memory_win.cc(73)] ReadMemory at 0x7ffe4b580000 of 64 bytes failed: Only part of a ReadProcessMemory or WriteProcessMemory request was completed. (0x12B)
[1130/225058.173:WARNING:pe_image_reader.cc(340)] could not read dos header from C:\WINDOWS\System32\SHELL32.dll
[1130/225058.173:ERROR:process_memory_win.cc(73)] ReadMemory at 0x7ffe494f0000 of 64 bytes failed: Only part of a ReadProcessMemory or WriteProcessMemory request was completed. (0x12B)
[1130/225058.173:WARNING:pe_image_reader.cc(340)] could not read dos header from C:\WINDOWS\System32\windows.storage.dll
[1130/225058.173:ERROR:process_memory_win.cc(73)] ReadMemory at 0x7ffe48c60000 of 64 bytes failed: Only part of a ReadProcessMemory or WriteProcessMemory request was completed. (0x12B)
[1130/225058.173:WARNING:pe_image_reader.cc(340)] could not read dos header from C:\WINDOWS\System32\powrprof.dll
[1130/225058.173:ERROR:process_memory_win.cc(73)] ReadMemory at 0x7ffe48bf0000 of 64 bytes failed: Only part of a ReadProcessMemory or WriteProcessMemory request was completed. (0x12B)
[1130/225058.173:WARNING:pe_image_reader.cc(340)] could not read dos header from C:\WINDOWS\System32\UMPDC.dll
[1130/225058.173:ERROR:process_memory_win.cc(73)] ReadMemory at 0x7ffe4ad50000 of 64 bytes failed: Only part of a ReadProcessMemory or WriteProcessMemory request was completed. (0x12B)
[1130/225058.173:WARNING:pe_image_reader.cc(340)] could not read dos header from C:\WINDOWS\System32\shlwapi.dll
[1130/225058.173:ERROR:process_memory_win.cc(73)] ReadMemory at 0x7ffe4b0e0000 of 64 bytes failed: Only part of a ReadProcessMemory or WriteProcessMemory request was completed. (0x12B)
[1130/225058.173:WARNING:pe_image_reader.cc(340)] could not read dos header from C:\WINDOWS\System32\GDI32.dll
[1130/225058.173:ERROR:process_memory_win.cc(73)] ReadMemory at 0x7ffe49380000 of 64 bytes failed: Only part of a ReadProcessMemory or WriteProcessMemory request was completed. (0x12B)
[1130/225058.173:WARNING:pe_image_reader.cc(340)] could not read dos header from C:\WINDOWS\System32\win32u.dll
[1130/225058.173:ERROR:process_memory_win.cc(73)] ReadMemory at 0x7ffe491e0000 of 64 bytes failed: Only part of a ReadProcessMemory or WriteProcessMemory request was completed. (0x12B)
[1130/225058.173:WARNING:pe_image_reader.cc(340)] could not read dos header from C:\WINDOWS\System32\gdi32full.dll
[1130/225058.173:ERROR:process_memory_win.cc(73)] ReadMemory at 0x7ffe4a250000 of 64 bytes failed: Only part of a ReadProcessMemory or WriteProcessMemory request was completed. (0x12B)
[1130/225058.173:WARNING:pe_image_reader.cc(340)] could not read dos header from C:\WINDOWS\System32\USER32.dll
[1130/225058.173:ERROR:process_memory_win.cc(73)] ReadMemory at 0x7ffe49430000 of 64 bytes failed: Only part of a ReadProcessMemory or WriteProcessMemory request was completed. (0x12B)
[1130/225058.173:WARNING:pe_image_reader.cc(340)] could not read dos header from C:\WINDOWS\System32\cryptsp.dll
[1130/225058.173:ERROR:process_memory_win.cc(73)] ReadMemory at 0x7ffe49f40000 of 64 bytes failed: Only part of a ReadProcessMemory or WriteProcessMemory request was completed. (0x12B)
[1130/225058.173:WARNING:pe_image_reader.cc(340)] could not read dos header from C:\WINDOWS\System32\IMM32.DLL
[1130/225058.173:ERROR:process_memory_win.cc(73)] ReadMemory at 0x7ffe485d0000 of 64 bytes failed: Only part of a ReadProcessMemory or WriteProcessMemory request was completed. (0x12B)
[1130/225058.173:WARNING:pe_image_reader.cc(340)] could not read dos header from C:\WINDOWS\SYSTEM32\CRYPTBASE.DLL
[1130/225058.188:ERROR:process_memory_win.cc(73)] ReadMemory at 0xfded5f6000 of 40960 bytes failed: Only part of a ReadProcessMemory or WriteProcessMemory request was completed. (0x12B)
[1130/225058.188:ERROR:process_memory_win.cc(73)] ReadMemory at 0xfdeddfd000 of 12288 bytes failed: Only part of a ReadProcessMemory or WriteProcessMemory request was completed. (0x12B)
[1130/225058.188:ERROR:process_memory_win.cc(73)] ReadMemory at 0xfdee5fd000 of 12288 bytes failed: Only part of a ReadProcessMemory or WriteProcessMemory request was completed. (0x12B)
[1130/225058.188:ERROR:process_memory_win.cc(73)] ReadMemory at 0xfdeedfd000 of 12288 bytes failed: Only part of a ReadProcessMemory or WriteProcessMemory request was completed. (0x12B)
[1130/225058.188:ERROR:process_memory_win.cc(73)] ReadMemory at 0xfdef5fc000 of 16384 bytes failed: Only part of a ReadProcessMemory or WriteProcessMemory request was completed. (0x12B)
[1130/225058.188:ERROR:process_memory_win.cc(73)] ReadMemory at 0xfdefdfe000 of 8192 bytes failed: Only part of a ReadProcessMemory or WriteProcessMemory request was completed. (0x12B)
[1130/225058.188:ERROR:process_memory_win.cc(73)] ReadMemory at 0xfdf05fd000 of 12288 bytes failed: Only part of a ReadProcessMemory or WriteProcessMemory request was completed. (0x12B)
[1130/225058.188:ERROR:process_memory_win.cc(73)] ReadMemory at 0xfdf0dfd000 of 12288 bytes failed: Only part of a ReadProcessMemory or WriteProcessMemory request was completed. (0x12B)
[1130/225058.188:ERROR:process_memory_win.cc(73)] ReadMemory at 0xfdf15fd000 of 12288 bytes failed: Only part of a ReadProcessMemory or WriteProcessMemory request was completed. (0x12B)
[1130/225058.188:ERROR:process_memory_win.cc(73)] ReadMemory at 0xfdf1dfd000 of 12288 bytes failed: Only part of a ReadProcessMemory or WriteProcessMemory request was completed. (0x12B)
[1130/225058.188:ERROR:process_memory_win.cc(73)] ReadMemory at 0xfdf25fd000 of 12288 bytes failed: Only part of a ReadProcessMemory or WriteProcessMemory request was completed. (0x12B)
[1130/225058.188:ERROR:process_memory_win.cc(73)] ReadMemory at 0xfdf2dfd000 of 12288 bytes failed: Only part of a ReadProcessMemory or WriteProcessMemory request was completed. (0x12B)
[1130/225058.188:ERROR:process_memory_win.cc(73)] ReadMemory at 0xfdf35fd000 of 12288 bytes failed: Only part of a ReadProcessMemory or WriteProcessMemory request was completed. (0x12B)
[1130/225058.188:ERROR:process_memory_win.cc(73)] ReadMemory at 0xfdf3dfd000 of 12288 bytes failed: Only part of a ReadProcessMemory or WriteProcessMemory request was completed. (0x12B)
[1130/225058.188:ERROR:process_memory_win.cc(73)] ReadMemory at 0xfdf45fd000 of 12288 bytes failed: Only part of a ReadProcessMemory or WriteProcessMemory request was completed. (0x12B)
[1130/225058.188:ERROR:process_memory_win.cc(73)] ReadMemory at 0xfdf4dfd000 of 12288 bytes failed: Only part of a ReadProcessMemory or WriteProcessMemory request was completed. (0x12B)
[1130/225058.188:ERROR:process_memory_win.cc(73)] ReadMemory at 0xfdf55fd000 of 12288 bytes failed: Only part of a ReadProcessMemory or WriteProcessMemory request was completed. (0x12B)
[1130/225058.188:ERROR:process_memory_win.cc(73)] ReadMemory at 0xfdf5dfd000 of 12288 bytes failed: Only part of a ReadProcessMemory or WriteProcessMemory request was completed. (0x12B)
[1130/225058.188:ERROR:process_memory_win.cc(73)] ReadMemory at 0xfdf65fd000 of 12288 bytes failed: Only part of a ReadProcessMemory or WriteProcessMemory request was completed. (0x12B)
[1130/225058.188:ERROR:process_memory_win.cc(73)] ReadMemory at 0xfdf6dfd000 of 12288 bytes failed: Only part of a ReadProcessMemory or WriteProcessMemory request was completed. (0x12B)
[1130/225058.188:ERROR:process_memory_win.cc(73)] ReadMemory at 0xfdecd78000 of 852 bytes failed: Only part of a ReadProcessMemory or WriteProcessMemory request was completed. (0x12B)
[1130/225058.188:ERROR:process_memory_win.cc(73)] ReadMemory at 0xfdecd79000 of 6024 bytes failed: Only part of a ReadProcessMemory or WriteProcessMemory request was completed. (0x12B)
[1130/225058.188:ERROR:process_memory_win.cc(73)] ReadMemory at 0xfdecd7b000 of 6024 bytes failed: Only part of a ReadProcessMemory or WriteProcessMemory request was completed. (0x12B)
[1130/225058.188:ERROR:process_memory_win.cc(73)] ReadMemory at 0xfdecd7d000 of 6024 bytes failed: Only part of a ReadProcessMemory or WriteProcessMemory request was completed. (0x12B)
[1130/225058.188:ERROR:process_memory_win.cc(73)] ReadMemory at 0xfdecd7f000 of 6024 bytes failed: Only part of a ReadProcessMemory or WriteProcessMemory request was completed. (0x12B)
[1130/225058.188:ERROR:process_memory_win.cc(73)] ReadMemory at 0xfdecd81000 of 6024 bytes failed: Only part of a ReadProcessMemory or WriteProcessMemory request was completed. (0x12B)
[1130/225058.188:ERROR:process_memory_win.cc(73)] ReadMemory at 0xfdecd83000 of 6024 bytes failed: Only part of a ReadProcessMemory or WriteProcessMemory request was completed. (0x12B)
[1130/225058.188:ERROR:process_memory_win.cc(73)] ReadMemory at 0xfdecd85000 of 6024 bytes failed: Only part of a ReadProcessMemory or WriteProcessMemory request was completed. (0x12B)
[1130/225058.188:ERROR:process_memory_win.cc(73)] ReadMemory at 0xfdecd87000 of 6024 bytes failed: Only part of a ReadProcessMemory or WriteProcessMemory request was completed. (0x12B)
[1130/225058.188:ERROR:process_memory_win.cc(73)] ReadMemory at 0xfdecd89000 of 6024 bytes failed: Only part of a ReadProcessMemory or WriteProcessMemory request was completed. (0x12B)
[1130/225058.188:ERROR:process_memory_win.cc(73)] ReadMemory at 0xfdecd8b000 of 6024 bytes failed: Only part of a ReadProcessMemory or WriteProcessMemory request was completed. (0x12B)
[1130/225058.188:ERROR:process_memory_win.cc(73)] ReadMemory at 0xfdecd8d000 of 6024 bytes failed: Only part of a ReadProcessMemory or WriteProcessMemory request was completed. (0x12B)
[1130/225058.188:ERROR:process_memory_win.cc(73)] ReadMemory at 0xfdecd8f000 of 6024 bytes failed: Only part of a ReadProcessMemory or WriteProcessMemory request was completed. (0x12B)
[1130/225058.188:ERROR:process_memory_win.cc(73)] ReadMemory at 0xfdecd91000 of 6024 bytes failed: Only part of a ReadProcessMemory or WriteProcessMemory request was completed. (0x12B)
[1130/225058.188:ERROR:process_memory_win.cc(73)] ReadMemory at 0xfdecd93000 of 6024 bytes failed: Only part of a ReadProcessMemory or WriteProcessMemory request was completed. (0x12B)
[1130/225058.188:ERROR:process_memory_win.cc(73)] ReadMemory at 0xfdecd95000 of 6024 bytes failed: Only part of a ReadProcessMemory or WriteProcessMemory request was completed. (0x12B)
[1130/225058.188:ERROR:process_memory_win.cc(73)] ReadMemory at 0xfdecd97000 of 6024 bytes failed: Only part of a ReadProcessMemory or WriteProcessMemory request was completed. (0x12B)
[1130/225058.188:ERROR:process_memory_win.cc(73)] ReadMemory at 0xfdecd99000 of 6024 bytes failed: Only part of a ReadProcessMemory or WriteProcessMemory request was completed. (0x12B)
[1130/225058.188:ERROR:process_memory_win.cc(73)] ReadMemory at 0xfdecd9b000 of 6024 bytes failed: Only part of a ReadProcessMemory or WriteProcessMemory request was completed. (0x12B)
[1130/225058.188:ERROR:process_memory_win.cc(73)] ReadMemory at 0xfdecd9d000 of 6024 bytes failed: Only part of a ReadProcessMemory or WriteProcessMemory request was completed. (0x12B)
[1130/225058.188:ERROR:process_memory_win.cc(73)] ReadMemory at 0xfdecd9f000 of 6024 bytes failed: Only part of a ReadProcessMemory or WriteProcessMemory request was completed. (0x12B)
[1130/225058.188:ERROR:process_memory_win.cc(73)] ReadMemory at 0x2f2730f0750 of 80 bytes failed: Only part of a ReadProcessMemory or WriteProcessMemory request was completed. (0x12B)
[1130/225058.188:ERROR:process_memory_win.cc(73)] ReadMemory at 0x2f2730f0fe0 of 5496 bytes failed: Only part of a ReadProcessMemory or WriteProcessMemory request was completed. (0x12B)
[1130/225058.188:ERROR:process_memory_win.cc(73)] ReadMemory at 0x2f2730f2560 of 1012 bytes failed: Only part of a ReadProcessMemory or WriteProcessMemory request was completed. (0x12B)
[1130/225058.188:ERROR:process_memory_win.cc(73)] ReadMemory at 0x2f2730f2ba8 of 118 bytes failed: Only part of a ReadProcessMemory or WriteProcessMemory request was completed. (0x12B)
[1130/225058.188:ERROR:process_memory_win.cc(73)] ReadMemory at 0x2f2730f2c20 of 1362 bytes failed: Only part of a ReadProcessMemory or WriteProcessMemory request was completed. (0x12B)
[1130/225058.188:ERROR:process_memory_win.cc(73)] ReadMemory at 0x2f2730f3174 of 118 bytes failed: Only part of a ReadProcessMemory or WriteProcessMemory request was completed. (0x12B)
[1130/225058.188:ERROR:process_memory_win.cc(73)] ReadMemory at 0x2f2730f31ec of 100 bytes failed: Only part of a ReadProcessMemory or WriteProcessMemory request was completed. (0x12B)
[1130/225058.188:ERROR:process_memory_win.cc(73)] ReadMemory at 0x2f2730f3260 of 58 bytes failed: Only part of a ReadProcessMemory or WriteProcessMemory request was completed. (0x12B)
[1130/225058.188:ERROR:process_memory_win.cc(73)] ReadMemory at 0x2f2730f3360 of 132 bytes failed: Only part of a ReadProcessMemory or WriteProcessMemory request was completed. (0x12B)
[1130/225058.188:ERROR:process_memory_win.cc(73)] ReadMemory at 0x2f2730f34f0 of 132 bytes failed: Only part of a ReadProcessMemory or WriteProcessMemory request was completed. (0x12B)
[1130/225058.188:ERROR:process_memory_win.cc(73)] ReadMemory at 0x2f2730f36b0 of 126 bytes failed: Only part of a ReadProcessMemory or WriteProcessMemory request was completed. (0x12B)
[1130/225058.188:ERROR:process_memory_win.cc(73)] ReadMemory at 0x2f2730f3a90 of 132 bytes failed: Only part of a ReadProcessMemory or WriteProcessMemory request was completed. (0x12B)
[1130/225058.188:ERROR:process_memory_win.cc(73)] ReadMemory at 0x2f2730f3c20 of 64 bytes failed: Only part of a ReadProcessMemory or WriteProcessMemory request was completed. (0x12B)
[1130/225058.188:ERROR:process_memory_win.cc(73)] ReadMemory at 0x2f2730f3de0 of 132 bytes failed: Only part of a ReadProcessMemory or WriteProcessMemory request was completed. (0x12B)
[1130/225058.188:ERROR:process_memory_win.cc(73)] ReadMemory at 0x2f2730f4080 of 132 bytes failed: Only part of a ReadProcessMemory or WriteProcessMemory request was completed. (0x12B)
[1130/225058.188:ERROR:process_memory_win.cc(73)] ReadMemory at 0x2f2730f4210 of 68 bytes failed: Only part of a ReadProcessMemory or WriteProcessMemory request was completed. (0x12B)
[1130/225058.188:ERROR:process_memory_win.cc(73)] ReadMemory at 0x2f2730f5330 of 158 bytes failed: Only part of a ReadProcessMemory or WriteProcessMemory request was completed. (0x12B)
[1130/225058.188:ERROR:process_memory_win.cc(73)] ReadMemory at 0x2f2730f5410 of 132 bytes failed: Only part of a ReadProcessMemory or WriteProcessMemory request was completed. (0x12B)
[1130/225058.188:ERROR:process_memory_win.cc(73)] ReadMemory at 0x2f2730f55a0 of 154 bytes failed: Only part of a ReadProcessMemory or WriteProcessMemory request was completed. (0x12B)
[1130/225058.188:ERROR:process_memory_win.cc(73)] ReadMemory at 0x2f2730f6390 of 62 bytes failed: Only part of a ReadProcessMemory or WriteProcessMemory request was completed. (0x12B)
[1130/225058.188:ERROR:process_memory_win.cc(73)] ReadMemory at 0x2f2730f63e0 of 132 bytes failed: Only part of a ReadProcessMemory or WriteProcessMemory request was completed. (0x12B)
[1130/225058.188:ERROR:process_memory_win.cc(73)] ReadMemory at 0x2f2730f6580 of 132 bytes failed: Only part of a ReadProcessMemory or WriteProcessMemory request was completed. (0x12B)
[1130/225058.188:ERROR:process_memory_win.cc(73)] ReadMemory at 0x2f2730f66b0 of 60 bytes failed: Only part of a ReadProcessMemory or WriteProcessMemory request was completed. (0x12B)
[1130/225058.188:ERROR:process_memory_win.cc(73)] ReadMemory at 0x2f2730f6810 of 132 bytes failed: Only part of a ReadProcessMemory or WriteProcessMemory request was completed. (0x12B)
[1130/225058.188:ERROR:process_memory_win.cc(73)] ReadMemory at 0x2f2730f8300 of 132 bytes failed: Only part of a ReadProcessMemory or WriteProcessMemory request was completed. (0x12B)
[1130/225058.188:ERROR:process_memory_win.cc(73)] ReadMemory at 0x2f2730fb200 of 62 bytes failed: Only part of a ReadProcessMemory or WriteProcessMemory request was completed. (0x12B)
[1130/225058.188:ERROR:process_memory_win.cc(73)] ReadMemory at 0x2f2730fb250 of 60 bytes failed: Only part of a ReadProcessMemory or WriteProcessMemory request was completed. (0x12B)
[1130/225058.188:ERROR:process_memory_win.cc(73)] ReadMemory at 0x2f2730fb2a0 of 64 bytes failed: Only part of a ReadProcessMemory or WriteProcessMemory request was completed. (0x12B)
[1130/225058.188:ERROR:process_memory_win.cc(73)] ReadMemory at 0x2f2730fb390 of 64 bytes failed: Only part of a ReadProcessMemory or WriteProcessMemory request was completed. (0x12B)
[1130/225058.188:ERROR:process_memory_win.cc(73)] ReadMemory at 0x2f2730fb480 of 64 bytes failed: Only part of a ReadProcessMemory or WriteProcessMemory request was completed. (0x12B)
[1130/225058.188:ERROR:process_memory_win.cc(73)] ReadMemory at 0x2f2730fb4d0 of 60 bytes failed: Only part of a ReadProcessMemory or WriteProcessMemory request was completed. (0x12B)
[1130/225058.188:ERROR:process_memory_win.cc(73)] ReadMemory at 0x2f2730fb6b0 of 62 bytes failed: Only part of a ReadProcessMemory or WriteProcessMemory request was completed. (0x12B)
[1130/225058.188:ERROR:process_memory_win.cc(73)] ReadMemory at 0x2f2730fb750 of 66 bytes failed: Only part of a ReadProcessMemory or WriteProcessMemory request was completed. (0x12B)
[1130/225058.188:ERROR:process_memory_win.cc(73)] ReadMemory at 0x2f2730fb8e0 of 64 bytes failed: Only part of a ReadProcessMemory or WriteProcessMemory request was completed. (0x12B)
[1130/225058.188:ERROR:process_memory_win.cc(73)] ReadMemory at 0x2f2730fba10 of 132 bytes failed: Only part of a ReadProcessMemory or WriteProcessMemory request was completed. (0x12B)
[1130/225058.188:ERROR:process_memory_win.cc(73)] ReadMemory at 0x2f2730fbb40 of 132 bytes failed: Only part of a ReadProcessMemory or WriteProcessMemory request was completed. (0x12B)
[1130/225058.188:ERROR:process_memory_win.cc(73)] ReadMemory at 0x2f2730fbda0 of 132 bytes failed: Only part of a ReadProcessMemory or WriteProcessMemory request was completed. (0x12B)
[1130/225058.188:ERROR:process_memory_win.cc(73)] ReadMemory at 0x2f2730fbed0 of 132 bytes failed: Only part of a ReadProcessMemory or WriteProcessMemory request was completed. (0x12B)
[1130/225058.188:ERROR:process_memory_win.cc(73)] ReadMemory at 0x2f2730fc000 of 132 bytes failed: Only part of a ReadProcessMemory or WriteProcessMemory request was completed. (0x12B)
[1130/225058.188:ERROR:process_memory_win.cc(73)] ReadMemory at 0x2f2730fc130 of 132 bytes failed: Only part of a ReadProcessMemory or WriteProcessMemory request was completed. (0x12B)
[1130/225058.188:ERROR:process_memory_win.cc(73)] ReadMemory at 0x2f2730fc260 of 132 bytes failed: Only part of a ReadProcessMemory or WriteProcessMemory request was completed. (0x12B)
[1130/225058.188:ERROR:process_memory_win.cc(73)] ReadMemory at 0x2f2730fc390 of 132 bytes failed: Only part of a ReadProcessMemory or WriteProcessMemory request was completed. (0x12B)
[1130/225058.188:ERROR:process_memory_win.cc(73)] ReadMemory at 0x2f2730fc4c0 of 132 bytes failed: Only part of a ReadProcessMemory or WriteProcessMemory request was completed. (0x12B)
[1130/225058.188:ERROR:process_memory_win.cc(73)] ReadMemory at 0x2f2730fc5f0 of 132 bytes failed: Only part of a ReadProcessMemory or WriteProcessMemory request was completed. (0x12B)
[1130/225058.188:ERROR:process_memory_win.cc(73)] ReadMemory at 0x2f2730fc720 of 132 bytes failed: Only part of a ReadProcessMemory or WriteProcessMemory request was completed. (0x12B)
[1130/225058.188:ERROR:process_memory_win.cc(73)] ReadMemory at 0x2f2730fc850 of 132 bytes failed: Only part of a ReadProcessMemory or WriteProcessMemory request was completed. (0x12B)
[1130/225058.188:ERROR:process_memory_win.cc(73)] ReadMemory at 0x2f2730fce40 of 78 bytes failed: Only part of a ReadProcessMemory or WriteProcessMemory request was completed. (0x12B)
[1130/225058.188:ERROR:process_memory_win.cc(73)] ReadMemory at 0x2f2730fd740 of 76 bytes failed: Only part of a ReadProcessMemory or WriteProcessMemory request was completed. (0x12B)
[1130/225058.188:ERROR:process_memory_win.cc(73)] ReadMemory at 0x2f2730ff690 of 54 bytes failed: Only part of a ReadProcessMemory or WriteProcessMemory request was completed. (0x12B)
[1130/225058.188:ERROR:process_memory_win.cc(73)] ReadMemory at 0x2f2730ff910 of 132 bytes failed: Only part of a ReadProcessMemory or WriteProcessMemory request was completed. (0x12B)
[1130/225058.188:ERROR:process_memory_win.cc(73)] ReadMemory at 0x2f2730ffa40 of 132 bytes failed: Only part of a ReadProcessMemory or WriteProcessMemory request was completed. (0x12B)
[1130/225058.188:ERROR:process_memory_win.cc(73)] ReadMemory at 0x2f2730ffc50 of 132 bytes failed: Only part of a ReadProcessMemory or WriteProcessMemory request was completed. (0x12B)
[1130/225058.188:ERROR:process_memory_win.cc(73)] ReadMemory at 0x2f273100760 of 132 bytes failed: Only part of a ReadProcessMemory or WriteProcessMemory request was completed. (0x12B)
[1130/225058.188:ERROR:process_memory_win.cc(73)] ReadMemory at 0x2f273102470 of 132 bytes failed: Only part of a ReadProcessMemory or WriteProcessMemory request was completed. (0x12B)
[1130/225058.188:ERROR:process_memory_win.cc(73)] ReadMemory at 0x2f2731027c0 of 132 bytes failed: Only part of a ReadProcessMemory or WriteProcessMemory request was completed. (0x12B)
[1130/225058.188:ERROR:process_memory_win.cc(73)] ReadMemory at 0x2f273104d90 of 132 bytes failed: Only part of a ReadProcessMemory or WriteProcessMemory request was completed. (0x12B)
[1130/225058.188:ERROR:process_memory_win.cc(73)] ReadMemory at 0x2f273105400 of 62 bytes failed: Only part of a ReadProcessMemory or WriteProcessMemory request was completed. (0x12B)
[1130/225058.188:ERROR:process_memory_win.cc(73)] ReadMemory at 0x2f273105450 of 64 bytes failed: Only part of a ReadProcessMemory or WriteProcessMemory request was completed. (0x12B)
[1130/225058.188:ERROR:process_memory_win.cc(73)] ReadMemory at 0x2f2731054a0 of 64 bytes failed: Only part of a ReadProcessMemory or WriteProcessMemory request was completed. (0x12B)
[1130/225058.204:ERROR:process_memory_win.cc(73)] ReadMemory at 0x2f273105540 of 62 bytes failed: Only part of a ReadProcessMemory or WriteProcessMemory request was completed. (0x12B)
[1130/225058.204:ERROR:process_memory_win.cc(73)] ReadMemory at 0x2f273105590 of 62 bytes failed: Only part of a ReadProcessMemory or WriteProcessMemory request was completed. (0x12B)
[1130/225058.204:ERROR:process_memory_win.cc(73)] ReadMemory at 0x2f2731055e0 of 66 bytes failed: Only part of a ReadProcessMemory or WriteProcessMemory request was completed. (0x12B)
[1130/225058.204:ERROR:process_memory_win.cc(73)] ReadMemory at 0x2f273105630 of 62 bytes failed: Only part of a ReadProcessMemory or WriteProcessMemory request was completed. (0x12B)
[1130/225058.204:ERROR:process_memory_win.cc(73)] ReadMemory at 0x2f273105770 of 64 bytes failed: Only part of a ReadProcessMemory or WriteProcessMemory request was completed. (0x12B)
[1130/225058.204:ERROR:process_memory_win.cc(73)] ReadMemory at 0x2f273105810 of 62 bytes failed: Only part of a ReadProcessMemory or WriteProcessMemory request was completed. (0x12B)
[1130/225058.204:ERROR:process_memory_win.cc(73)] ReadMemory at 0x2f2731058b0 of 62 bytes failed: Only part of a ReadProcessMemory or WriteProcessMemory request was completed. (0x12B)
[1130/225058.204:ERROR:process_memory_win.cc(73)] ReadMemory at 0x2f273105900 of 64 bytes failed: Only part of a ReadProcessMemory or WriteProcessMemory request was completed. (0x12B)
[1130/225058.204:ERROR:process_memory_win.cc(73)] ReadMemory at 0x2f273105950 of 58 bytes failed: Only part of a ReadProcessMemory or WriteProcessMemory request was completed. (0x12B)
[1130/225058.204:ERROR:process_memory_win.cc(73)] ReadMemory at 0x2f2731059a0 of 60 bytes failed: Only part of a ReadProcessMemory or WriteProcessMemory request was completed. (0x12B)
[1130/225058.204:ERROR:process_memory_win.cc(73)] ReadMemory at 0x2f2731059f0 of 60 bytes failed: Only part of a ReadProcessMemory or WriteProcessMemory request was completed. (0x12B)
[1130/225058.204:ERROR:process_memory_win.cc(73)] ReadMemory at 0x2f273105ae0 of 62 bytes failed: Only part of a ReadProcessMemory or WriteProcessMemory request was completed. (0x12B)
[1130/225058.204:ERROR:process_memory_win.cc(73)] ReadMemory at 0x2f273105bd0 of 62 bytes failed: Only part of a ReadProcessMemory or WriteProcessMemory request was completed. (0x12B)
[1130/225058.204:ERROR:process_memory_win.cc(73)] ReadMemory at 0x2f273106030 of 60 bytes failed: Only part of a ReadProcessMemory or WriteProcessMemory request was completed. (0x12B)
[1130/225058.204:ERROR:process_memory_win.cc(73)] ReadMemory at 0x2f273106080 of 62 bytes failed: Only part of a ReadProcessMemory or WriteProcessMemory request was completed. (0x12B)
[1130/225058.204:ERROR:process_memory_win.cc(73)] ReadMemory at 0x2f273106170 of 58 bytes failed: Only part of a ReadProcessMemory or WriteProcessMemory request was completed. (0x12B)
[1130/225058.204:ERROR:process_memory_win.cc(73)] ReadMemory at 0x2f2731062b0 of 64 bytes failed: Only part of a ReadProcessMemory or WriteProcessMemory request was completed. (0x12B)
[1130/225058.204:ERROR:process_memory_win.cc(73)] ReadMemory at 0x2f273106300 of 60 bytes failed: Only part of a ReadProcessMemory or WriteProcessMemory request was completed. (0x12B)
[1130/225058.204:ERROR:process_memory_win.cc(73)] ReadMemory at 0x2f273107c80 of 132 bytes failed: Only part of a ReadProcessMemory or WriteProcessMemory request was completed. (0x12B)
[1130/225058.204:ERROR:process_memory_win.cc(73)] ReadMemory at 0x2f273107db0 of 132 bytes failed: Only part of a ReadProcessMemory or WriteProcessMemory request was completed. (0x12B)
[1130/225058.204:ERROR:process_memory_win.cc(73)] ReadMemory at 0x2f273107ee0 of 132 bytes failed: Only part of a ReadProcessMemory or WriteProcessMemory request was completed. (0x12B)
[1130/225058.204:ERROR:process_memory_win.cc(73)] ReadMemory at 0x2f273108010 of 132 bytes failed: Only part of a ReadProcessMemory or WriteProcessMemory request was completed. (0x12B)
[1130/225058.204:ERROR:process_memory_win.cc(73)] ReadMemory at 0x2f273108140 of 132 bytes failed: Only part of a ReadProcessMemory or WriteProcessMemory request was completed. (0x12B)
[1130/225058.204:ERROR:process_memory_win.cc(73)] ReadMemory at 0x2f273108270 of 132 bytes failed: Only part of a ReadProcessMemory or WriteProcessMemory request was completed. (0x12B)
[1130/225058.204:ERROR:process_memory_win.cc(73)] ReadMemory at 0x2f2731083a0 of 132 bytes failed: Only part of a ReadProcessMemory or WriteProcessMemory request was completed. (0x12B)
[1130/225058.204:ERROR:process_memory_win.cc(73)] ReadMemory at 0x2f273108600 of 132 bytes failed: Only part of a ReadProcessMemory or WriteProcessMemory request was completed. (0x12B)
[1130/225058.204:ERROR:process_memory_win.cc(73)] ReadMemory at 0x2f273108ac0 of 132 bytes failed: Only part of a ReadProcessMemory or WriteProcessMemory request was completed. (0x12B)
[1130/225058.204:ERROR:process_memory_win.cc(73)] ReadMemory at 0x2f273108bf0 of 132 bytes failed: Only part of a ReadProcessMemory or WriteProcessMemory request was completed. (0x12B)
[1130/225058.204:ERROR:process_memory_win.cc(73)] ReadMemory at 0x2f273108d20 of 132 bytes failed: Only part of a ReadProcessMemory or WriteProcessMemory request was completed. (0x12B)
[1130/225058.204:ERROR:process_memory_win.cc(73)] ReadMemory at 0x2f273108e50 of 132 bytes failed: Only part of a ReadProcessMemory or WriteProcessMemory request was completed. (0x12B)
[1130/225058.204:ERROR:process_memory_win.cc(73)] ReadMemory at 0x2f273108f80 of 132 bytes failed: Only part of a ReadProcessMemory or WriteProcessMemory request was completed. (0x12B)
[1130/225058.204:ERROR:process_memory_win.cc(73)] ReadMemory at 0x2f2731090b0 of 132 bytes failed: Only part of a ReadProcessMemory or WriteProcessMemory request was completed. (0x12B)
[1130/225058.204:ERROR:process_memory_win.cc(73)] ReadMemory at 0x2f2731091e0 of 132 bytes failed: Only part of a ReadProcessMemory or WriteProcessMemory request was completed. (0x12B)
[1130/225058.204:ERROR:process_memory_win.cc(73)] ReadMemory at 0x2f273109570 of 132 bytes failed: Only part of a ReadProcessMemory or WriteProcessMemory request was completed. (0x12B)
[1130/225058.204:ERROR:process_memory_win.cc(73)] ReadMemory at 0x2f2731096a0 of 132 bytes failed: Only part of a ReadProcessMemory or WriteProcessMemory request was completed. (0x12B)
[1130/225058.204:ERROR:process_memory_win.cc(73)] ReadMemory at 0x2f2731097d0 of 132 bytes failed: Only part of a ReadProcessMemory or WriteProcessMemory request was completed. (0x12B)
[1130/225058.204:ERROR:process_memory_win.cc(73)] ReadMemory at 0x2f273109900 of 132 bytes failed: Only part of a ReadProcessMemory or WriteProcessMemory request was completed. (0x12B)
[1130/225058.204:ERROR:process_memory_win.cc(73)] ReadMemory at 0x2f273109a30 of 132 bytes failed: Only part of a ReadProcessMemory or WriteProcessMemory request was completed. (0x12B)
[1130/225058.204:ERROR:process_memory_win.cc(73)] ReadMemory at 0x2f273118e00 of 58 bytes failed: Only part of a ReadProcessMemory or WriteProcessMemory request was completed. (0x12B)
[1130/225058.204:ERROR:process_memory_win.cc(73)] ReadMemory at 0x2f273119210 of 62 bytes failed: Only part of a ReadProcessMemory or WriteProcessMemory request was completed. (0x12B)
[1130/225058.204:ERROR:process_memory_win.cc(73)] ReadMemory at 0x2f273119440 of 58 bytes failed: Only part of a ReadProcessMemory or WriteProcessMemory request was completed. (0x12B)
[1130/225058.204:ERROR:process_memory_win.cc(73)] ReadMemory at 0x2f2731194e0 of 66 bytes failed: Only part of a ReadProcessMemory or WriteProcessMemory request was completed. (0x12B)
[1130/225058.204:ERROR:process_memory_win.cc(73)] ReadMemory at 0x2f273119620 of 62 bytes failed: Only part of a ReadProcessMemory or WriteProcessMemory request was completed. (0x12B)
[1130/225058.204:ERROR:process_memory_win.cc(73)] ReadMemory at 0x2f273119670 of 60 bytes failed: Only part of a ReadProcessMemory or WriteProcessMemory request was completed. (0x12B)
[1130/225058.204:ERROR:process_memory_win.cc(73)] ReadMemory at 0x2f273119a30 of 60 bytes failed: Only part of a ReadProcessMemory or WriteProcessMemory request was completed. (0x12B)
[1130/225058.204:ERROR:process_memory_win.cc(73)] ReadMemory at 0x2f2731249f0 of 512 bytes failed: Only part of a ReadProcessMemory or WriteProcessMemory request was completed. (0x12B)
[1130/225058.204:ERROR:process_memory_win.cc(73)] ReadMemory at 0x2f273125ef0 of 608 bytes failed: Only part of a ReadProcessMemory or WriteProcessMemory request was completed. (0x12B)
[1130/225058.204:ERROR:process_memory_win.cc(73)] ReadMemory at 0x2f273340cd0 of 656 bytes failed: Only part of a ReadProcessMemory or WriteProcessMemory request was completed. (0x12B)
[1130/225058.204:ERROR:process_memory_win.cc(73)] ReadMemory at 0x2f273341fc0 of 512 bytes failed: Only part of a ReadProcessMemory or WriteProcessMemory request was completed. (0x12B)
[1130/225058.204:ERROR:process_memory_win.cc(73)] ReadMemory at 0x2f2736642b0 of 512 bytes failed: Only part of a ReadProcessMemory or WriteProcessMemory request was completed. (0x12B)
[1130/225058.204:ERROR:process_memory_win.cc(73)] ReadMemory at 0x2f273674b20 of 512 bytes failed: Only part of a ReadProcessMemory or WriteProcessMemory request was completed. (0x12B)
[1130/225058.204:ERROR:process_memory_win.cc(73)] ReadMemory at 0x2f273675660 of 512 bytes failed: Only part of a ReadProcessMemory or WriteProcessMemory request was completed. (0x12B)
[1130/225058.204:ERROR:process_memory_win.cc(73)] ReadMemory at 0x2f273677670 of 512 bytes failed: Only part of a ReadProcessMemory or WriteProcessMemory request was completed. (0x12B)
[1130/225058.204:ERROR:process_memory_win.cc(73)] ReadMemory at 0x2f27368c630 of 512 bytes failed: Only part of a ReadProcessMemory or WriteProcessMemory request was completed. (0x12B)
[1130/225058.204:ERROR:process_memory_win.cc(73)] ReadMemory at 0x2f273699e28 of 512 bytes failed: Only part of a ReadProcessMemory or WriteProcessMemory request was completed. (0x12B)
[1130/225058.204:ERROR:process_memory_win.cc(73)] ReadMemory at 0x2f27369b280 of 712 bytes failed: Only part of a ReadProcessMemory or WriteProcessMemory request was completed. (0x12B)
[1130/225058.204:ERROR:process_memory_win.cc(73)] ReadMemory at 0x2f2736ac558 of 512 bytes failed: Only part of a ReadProcessMemory or WriteProcessMemory request was completed. (0x12B)
[1130/225058.204:ERROR:process_memory_win.cc(73)] ReadMemory at 0x2f2736b60a8 of 512 bytes failed: Only part of a ReadProcessMemory or WriteProcessMemory request was completed. (0x12B)
[1130/225058.204:ERROR:process_memory_win.cc(73)] ReadMemory at 0x2f2736b6528 of 656 bytes failed: Only part of a ReadProcessMemory or WriteProcessMemory request was completed. (0x12B)
[1130/225058.204:ERROR:process_memory_win.cc(73)] ReadMemory at 0x2f2736b6fd8 of 800 bytes failed: Only part of a ReadProcessMemory or WriteProcessMemory request was completed. (0x12B)
[1130/225058.204:ERROR:process_memory_win.cc(73)] ReadMemory at 0x2f2736ca2f0 of 512 bytes failed: Only part of a ReadProcessMemory or WriteProcessMemory request was completed. (0x12B)
[1130/225058.204:ERROR:process_memory_win.cc(73)] ReadMemory at 0x2f2755a0000 of 384 bytes failed: Only part of a ReadProcessMemory or WriteProcessMemory request was completed. (0x12B)
[1130/225058.204:ERROR:process_memory_win.cc(73)] ReadMemory at 0x2f275609aa0 of 512 bytes failed: Only part of a ReadProcessMemory or WriteProcessMemory request was completed. (0x12B)
[1130/225058.204:ERROR:process_memory_win.cc(73)] ReadMemory at 0x2f275626450 of 512 bytes failed: Only part of a ReadProcessMemory or WriteProcessMemory request was completed. (0x12B)
[1130/225058.204:ERROR:process_memory_win.cc(73)] ReadMemory at 0x2f2756a3a60 of 800 bytes failed: Only part of a ReadProcessMemory or WriteProcessMemory request was completed. (0x12B)
[1130/225058.204:ERROR:process_memory_win.cc(73)] ReadMemory at 0x2f2756a3e20 of 512 bytes failed: Only part of a ReadProcessMemory or WriteProcessMemory request was completed. (0x12B)
[1130/225058.204:ERROR:process_memory_win.cc(73)] ReadMemory at 0x2f2756a41e0 of 512 bytes failed: Only part of a ReadProcessMemory or WriteProcessMemory request was completed. (0x12B)
[1130/225058.204:ERROR:process_memory_win.cc(73)] ReadMemory at 0x2f2756ee528 of 512 bytes failed: Only part of a ReadProcessMemory or WriteProcessMemory request was completed. (0x12B)
[1130/225058.204:ERROR:process_memory_win.cc(73)] ReadMemory at 0x2f2756f0600 of 512 bytes failed: Only part of a ReadProcessMemory or WriteProcessMemory request was completed. (0x12B)
[1130/225058.204:ERROR:process_memory_win.cc(73)] ReadMemory at 0x2f275707de8 of 512 bytes failed: Only part of a ReadProcessMemory or WriteProcessMemory request was completed. (0x12B)
[1130/225058.204:ERROR:process_memory_win.cc(73)] ReadMemory at 0x2f27570b940 of 512 bytes failed: Only part of a ReadProcessMemory or WriteProcessMemory request was completed. (0x12B)
[1130/225058.204:ERROR:process_memory_win.cc(73)] ReadMemory at 0xed5d582b121 of 512 bytes failed: Only part of a ReadProcessMemory or WriteProcessMemory request was completed. (0x12B)
[1130/225058.204:ERROR:process_memory_win.cc(73)] ReadMemory at 0x7ffdb65ea1bf of 512 bytes failed: Only part of a ReadProcessMemory or WriteProcessMemory request was completed. (0x12B)
[1130/225058.204:ERROR:process_memory_win.cc(73)] ReadMemory at 0x7ffdb761c62c of 512 bytes failed: Only part of a ReadProcessMemory or WriteProcessMemory request was completed. (0x12B)
[1130/225058.204:ERROR:process_memory_win.cc(73)] ReadMemory at 0x7ffdb8dc8477 of 512 bytes failed: Only part of a ReadProcessMemory or WriteProcessMemory request was completed. (0x12B)
[1130/225058.204:ERROR:process_memory_win.cc(73)] ReadMemory at 0x7ffdb9f25be8 of 512 bytes failed: Only part of a ReadProcessMemory or WriteProcessMemory request was completed. (0x12B)
[1130/225058.204:ERROR:process_memory_win.cc(73)] ReadMemory at 0x7ffdb9f9db50 of 512 bytes failed: Only part of a ReadProcessMemory or WriteProcessMemory request was completed. (0x12B)
[1130/225058.204:ERROR:process_memory_win.cc(73)] ReadMemory at 0x7ffdb9fa0cb3 of 512 bytes failed: Only part of a ReadProcessMemory or WriteProcessMemory request was completed. (0x12B)
[1130/225058.204:ERROR:process_memory_win.cc(73)] ReadMemory at 0x7ffe48f6a7b9 of 512 bytes failed: Only part of a ReadProcessMemory or WriteProcessMemory request was completed. (0x12B)
[1130/225058.204:ERROR:process_memory_win.cc(73)] ReadMemory at 0x7ffe4919b6d0 of 512 bytes failed: Only part of a ReadProcessMemory or WriteProcessMemory request was completed. (0x12B)
[1130/225058.204:ERROR:process_memory_win.cc(73)] ReadMemory at 0x7ffe4bdbc0c4 of 672 bytes failed: Only part of a ReadProcessMemory or WriteProcessMemory request was completed. (0x12B)
[1130/225058.204:ERROR:process_memory_win.cc(73)] ReadMemory at 0x7ffe4bdbc6c4 of 512 bytes failed: Only part of a ReadProcessMemory or WriteProcessMemory request was completed. (0x12B)
[1130/225058.204:ERROR:process_memory_win.cc(73)] ReadMemory at 0x7ffe4bdbf974 of 608 bytes failed: Only part of a ReadProcessMemory or WriteProcessMemory request was completed. (0x12B)
[1130/225058.204:ERROR:process_memory_win.cc(73)] ReadMemory at 0x7ffe4be4c428 of 18 bytes failed: Only part of a ReadProcessMemory or WriteProcessMemory request was completed. (0x12B)
[1130/225058.204:ERROR:process_memory_win.cc(73)] ReadMemory at 0x7ffe4be7f4f8 of 40 bytes failed: Only part of a ReadProcessMemory or WriteProcessMemory request was completed. (0x12B)
[1130/225058.204:ERROR:process_memory_win.cc(73)] ReadMemory at 0x7ffe4be7f978 of 48 bytes failed: Only part of a ReadProcessMemory or WriteProcessMemory request was completed. (0x12B)
[1130/225058.204:ERROR:process_memory_win.cc(73)] ReadMemory at 0x7ffe4be853c0 of 64 bytes failed: Only part of a ReadProcessMemory or WriteProcessMemory request was completed. (0x12B)
[1130/225058.204:ERROR:file_io_win.cc(161)] CreateFile C:\Users\PremP\AppData\Local\Temp\scoped_dir33548_1198965634\Crashpad\settings.dat: The system cannot find the file specified. (0x2)
[1130/225058.204:ERROR:scoped_process_suspend.cc(40)] NtResumeProcess: An attempt was made to access an exiting process. (0xc000010a)
[1130/225109.599:ERROR:process_info.cc(359)] UncheckedAllocate
[1130/225110.781:ERROR:process_info.cc(359)] UncheckedAllocate
[1130/225125.369:ERROR:process_info.cc(359)] UncheckedAllocate
